<?xml version="1.0" encoding="UTF-8"?>
<!-- Generated by org.testng.reporters.JUnitXMLReporter -->
<testsuite hostname="Mol10" name="Surefire test" tests="4" failures="0" timestamp="28 Jan 2017 20:06:46 GMT" time="34.263" errors="0">
  <testcase name="googleCheeseExample" time="9.197" classname="com.masteringselenium.BasicTestWD"/>
  <testcase name="googleCupExample" time="5.94" classname="com.masteringselenium.BasicTestWD"/>
  <testcase name="googleMilkExample" time="6.389" classname="com.masteringselenium.BasicTestWD"/>
  <testcase name="googleWineExample" time="5.428" classname="com.masteringselenium.BasicTestWD"/>
</testsuite> <!-- Surefire test -->
